<?xml version="1.0" encoding="UTF-8" ?>
<testsuite tests="6" failures="0" name="tutorial.Stack_ESTest" time="0.036" errors="6" skipped="0">
  <properties>
[...]
</properties>
  <testcase classname="tutorial.Stack_ESTest" name="test0" time="0.025">
    <error message="Could not initialize class tutorial.Stack" type="java.lang.NoClassDefFoundError">java.lang.NoClassDefFoundError: Could not initialize class tutorial.Stack
	at tutorial.Stack_ESTest.test0(Stack_ESTest.java:21)
	at sun.reflect.NativeMethodAccessorImpl.invoke0(Native Method)
	at sun.reflect.NativeMethodAccessorImpl.invoke(NativeMethodAccessorImpl.java:62)
	at sun.reflect.DelegatingMethodAccessorImpl.invoke(DelegatingMethodAccessorImpl.java:43)
	at java.lang.reflect.Method.invoke(Method.java:497)
	at org.junit.runners.model.FrameworkMethod$1.runReflectiveCall(FrameworkMethod.java:50)
	at org.junit.internal.runners.model.ReflectiveCallable.run(ReflectiveCallable.java:12)
	at org.junit.runners.model.FrameworkMethod.invokeExplosively(FrameworkMethod.java:47)
	at org.junit.internal.runners.statements.InvokeMethod.evaluate(InvokeMethod.java:17)
	at org.junit.internal.runners.statements.FailOnTimeout$CallableStatement.call(FailOnTimeout.java:298)
	at org.junit.internal.runners.statements.FailOnTimeout$CallableStatement.call(FailOnTimeout.java:292)
	at java.util.concurrent.FutureTask.run(FutureTask.java:266)
	at java.lang.Thread.run(Thread.java:745)
</error>
    <system-out>EMMA: collecting runtime coverage data ...
</system-out>
    <system-err>SLF4J: Failed to load class &quot;org.slf4j.impl.StaticLoggerBinder&quot;.
SLF4J: Defaulting to no-operation (NOP) logger implementation
SLF4J: See http://www.slf4j.org/codes.html#StaticLoggerBinder for further details.
java.lang.SecurityException: Security manager blocks (&quot;java.net.SocketPermission&quot; &quot;localhost:47653&quot; &quot;listen,resolve&quot;)
java.lang.Thread.getStackTrace(Thread.java:1552)
org.evosuite.runtime.sandbox.MSecurityManager.checkPermission(MSecurityManager.java:433)
java.lang.SecurityManager.checkListen(SecurityManager.java:1131)
java.net.ServerSocket.bind(ServerSocket.java:374)
java.net.ServerSocket.&lt;init&gt;(ServerSocket.java:237)
java.net.ServerSocket.&lt;init&gt;(ServerSocket.java:128)
com.vladium.emma.rt.RTController.start(RTController.java:99)
com.vladium.emma.rt.RT.reset(RT.java:222)
com.vladium.emma.rt.RT.&lt;clinit&gt;(RT.java:540)
tutorial.Stack.$VRi(Stack.java)
tutorial.Stack.&lt;clinit&gt;(Stack.java)
java.lang.Class.forName0(Native Method)
java.lang.Class.forName(Class.java:348)
org.evosuite.runtime.classhandling.ClassStateSupport.loadClasses(ClassStateSupport.java:136)
org.evosuite.runtime.classhandling.ClassStateSupport.initializeClasses(ClassStateSupport.java:62)
tutorial.Stack_ESTest_scaffolding.initializeClasses(Stack_ESTest_scaffolding.java:112)
tutorial.Stack_ESTest_scaffolding.initEvoSuiteFramework(Stack_ESTest_scaffolding.java:34)
sun.reflect.NativeMethodAccessorImpl.invoke0(Native Method)
sun.reflect.NativeMethodAccessorImpl.invoke(NativeMethodAccessorImpl.java:62)
sun.reflect.DelegatingMethodAccessorImpl.invoke(DelegatingMethodAccessorImpl.java:43)
java.lang.reflect.Method.invoke(Method.java:497)
org.junit.runners.model.FrameworkMethod$1.runReflectiveCall(FrameworkMethod.java:50)
org.junit.internal.runners.model.ReflectiveCallable.run(ReflectiveCallable.java:12)
org.junit.runners.model.FrameworkMethod.invokeExplosively(FrameworkMethod.java:47)
org.junit.internal.runners.statements.RunBefores.evaluate(RunBefores.java:24)
org.junit.internal.runners.statements.RunAfters.evaluate(RunAfters.java:27)
org.junit.runners.ParentRunner.run(ParentRunner.java:363)
org.apache.maven.surefire.junit4.JUnit4Provider.execute(JUnit4Provider.java:252)
org.apache.maven.surefire.junit4.JUnit4Provider.executeTestSet(JUnit4Provider.java:141)
org.apache.maven.surefire.junit4.JUnit4Provider.invoke(JUnit4Provider.java:112)
sun.reflect.NativeMethodAccessorImpl.invoke0(Native Method)
sun.reflect.NativeMethodAccessorImpl.invoke(NativeMethodAccessorImpl.java:62)
sun.reflect.DelegatingMethodAccessorImpl.invoke(DelegatingMethodAccessorImpl.java:43)
java.lang.reflect.Method.invoke(Method.java:497)
org.apache.maven.surefire.util.ReflectionUtils.invokeMethodWithArray(ReflectionUtils.java:189)
org.apache.maven.surefire.booter.ProviderFactory$ProviderProxy.invoke(ProviderFactory.java:165)
org.apache.maven.surefire.booter.ProviderFactory.invokeProvider(ProviderFactory.java:85)
org.apache.maven.surefire.booter.ForkedBooter.runSuitesInProcess(ForkedBooter.java:115)
org.apache.maven.surefire.booter.ForkedBooter.main(ForkedBooter.java:75)

	at org.evosuite.runtime.sandbox.MSecurityManager.checkPermission(MSecurityManager.java:451)
	at java.lang.SecurityManager.checkListen(SecurityManager.java:1131)
	at java.net.ServerSocket.bind(ServerSocket.java:374)
	at java.net.ServerSocket.&lt;init&gt;(ServerSocket.java:237)
	at java.net.ServerSocket.&lt;init&gt;(ServerSocket.java:128)
	at com.vladium.emma.rt.RTController.start(RTController.java:99)
	at com.vladium.emma.rt.RT.reset(RT.java:222)
	at com.vladium.emma.rt.RT.&lt;clinit&gt;(RT.java:540)
	at tutorial.Stack.$VRi(Stack.java)
	at tutorial.Stack.&lt;clinit&gt;(Stack.java)
	at java.lang.Class.forName0(Native Method)
	at java.lang.Class.forName(Class.java:348)
	at org.evosuite.runtime.classhandling.ClassStateSupport.loadClasses(ClassStateSupport.java:136)
	at org.evosuite.runtime.classhandling.ClassStateSupport.initializeClasses(ClassStateSupport.java:62)
	at tutorial.Stack_ESTest_scaffolding.initializeClasses(Stack_ESTest_scaffolding.java:112)
	at tutorial.Stack_ESTest_scaffolding.initEvoSuiteFramework(Stack_ESTest_scaffolding.java:34)
	at sun.reflect.NativeMethodAccessorImpl.invoke0(Native Method)
	at sun.reflect.NativeMethodAccessorImpl.invoke(NativeMethodAccessorImpl.java:62)
	at sun.reflect.DelegatingMethodAccessorImpl.invoke(DelegatingMethodAccessorImpl.java:43)
	at java.lang.reflect.Method.invoke(Method.java:497)
	at org.junit.runners.model.FrameworkMethod$1.runReflectiveCall(FrameworkMethod.java:50)
	at org.junit.internal.runners.model.ReflectiveCallable.run(ReflectiveCallable.java:12)
	at org.junit.runners.model.FrameworkMethod.invokeExplosively(FrameworkMethod.java:47)
	at org.junit.internal.runners.statements.RunBefores.evaluate(RunBefores.java:24)
	at org.junit.internal.runners.statements.RunAfters.evaluate(RunAfters.java:27)
	at org.junit.runners.ParentRunner.run(ParentRunner.java:363)
	at org.apache.maven.surefire.junit4.JUnit4Provider.execute(JUnit4Provider.java:252)
	at org.apache.maven.surefire.junit4.JUnit4Provider.executeTestSet(JUnit4Provider.java:141)
	at org.apache.maven.surefire.junit4.JUnit4Provider.invoke(JUnit4Provider.java:112)
	at sun.reflect.NativeMethodAccessorImpl.invoke0(Native Method)
	at sun.reflect.NativeMethodAccessorImpl.invoke(NativeMethodAccessorImpl.java:62)
	at sun.reflect.DelegatingMethodAccessorImpl.invoke(DelegatingMethodAccessorImpl.java:43)
	at java.lang.reflect.Method.invoke(Method.java:497)
	at org.apache.maven.surefire.util.ReflectionUtils.invokeMethodWithArray(ReflectionUtils.java:189)
	at org.apache.maven.surefire.booter.ProviderFactory$ProviderProxy.invoke(ProviderFactory.java:165)
	at org.apache.maven.surefire.booter.ProviderFactory.invokeProvider(ProviderFactory.java:85)
	at org.apache.maven.surefire.booter.ForkedBooter.runSuitesInProcess(ForkedBooter.java:115)
	at org.apache.maven.surefire.booter.ForkedBooter.main(ForkedBooter.java:75)
</system-err>
  </testcase>
  <testcase classname="tutorial.Stack_ESTest" name="test1" time="0">
    <error message="Could not initialize class tutorial.Stack" type="java.lang.NoClassDefFoundError">java.lang.NoClassDefFoundError: Could not initialize class tutorial.Stack
	at tutorial.Stack_ESTest.test1(Stack_ESTest.java:32)
	at sun.reflect.NativeMethodAccessorImpl.invoke0(Native Method)
	at sun.reflect.NativeMethodAccessorImpl.invoke(NativeMethodAccessorImpl.java:62)
	at sun.reflect.DelegatingMethodAccessorImpl.invoke(DelegatingMethodAccessorImpl.java:43)
	at java.lang.reflect.Method.invoke(Method.java:497)
	at org.junit.runners.model.FrameworkMethod$1.runReflectiveCall(FrameworkMethod.java:50)
	at org.junit.internal.runners.model.ReflectiveCallable.run(ReflectiveCallable.java:12)
	at org.junit.runners.model.FrameworkMethod.invokeExplosively(FrameworkMethod.java:47)
	at org.junit.internal.runners.statements.InvokeMethod.evaluate(InvokeMethod.java:17)
	at org.junit.internal.runners.statements.FailOnTimeout$CallableStatement.call(FailOnTimeout.java:298)
	at org.junit.internal.runners.statements.FailOnTimeout$CallableStatement.call(FailOnTimeout.java:292)
	at java.util.concurrent.FutureTask.run(FutureTask.java:266)
	at java.lang.Thread.run(Thread.java:745)
</error>
  </testcase>
  <testcase classname="tutorial.Stack_ESTest" name="test2" time="0">
    <error message="Could not initialize class tutorial.Stack" type="java.lang.NoClassDefFoundError">java.lang.NoClassDefFoundError: Could not initialize class tutorial.Stack
	at tutorial.Stack_ESTest.test2(Stack_ESTest.java:40)
	at sun.reflect.NativeMethodAccessorImpl.invoke0(Native Method)
	at sun.reflect.NativeMethodAccessorImpl.invoke(NativeMethodAccessorImpl.java:62)
	at sun.reflect.DelegatingMethodAccessorImpl.invoke(DelegatingMethodAccessorImpl.java:43)
	at java.lang.reflect.Method.invoke(Method.java:497)
	at org.junit.runners.model.FrameworkMethod$1.runReflectiveCall(FrameworkMethod.java:50)
	at org.junit.internal.runners.model.ReflectiveCallable.run(ReflectiveCallable.java:12)
	at org.junit.runners.model.FrameworkMethod.invokeExplosively(FrameworkMethod.java:47)
	at org.junit.internal.runners.statements.InvokeMethod.evaluate(InvokeMethod.java:17)
	at org.junit.internal.runners.statements.FailOnTimeout$CallableStatement.call(FailOnTimeout.java:298)
	at org.junit.internal.runners.statements.FailOnTimeout$CallableStatement.call(FailOnTimeout.java:292)
	at java.util.concurrent.FutureTask.run(FutureTask.java:266)
	at java.lang.Thread.run(Thread.java:745)
</error>
  </testcase>
  <testcase classname="tutorial.Stack_ESTest" name="test3" time="0.001">
    <error message="Could not initialize class tutorial.Stack" type="java.lang.NoClassDefFoundError">java.lang.NoClassDefFoundError: Could not initialize class tutorial.Stack
	at tutorial.Stack_ESTest.test3(Stack_ESTest.java:56)
	at sun.reflect.NativeMethodAccessorImpl.invoke0(Native Method)
	at sun.reflect.NativeMethodAccessorImpl.invoke(NativeMethodAccessorImpl.java:62)
	at sun.reflect.DelegatingMethodAccessorImpl.invoke(DelegatingMethodAccessorImpl.java:43)
	at java.lang.reflect.Method.invoke(Method.java:497)
	at org.junit.runners.model.FrameworkMethod$1.runReflectiveCall(FrameworkMethod.java:50)
	at org.junit.internal.runners.model.ReflectiveCallable.run(ReflectiveCallable.java:12)
	at org.junit.runners.model.FrameworkMethod.invokeExplosively(FrameworkMethod.java:47)
	at org.junit.internal.runners.statements.InvokeMethod.evaluate(InvokeMethod.java:17)
	at org.junit.internal.runners.statements.FailOnTimeout$CallableStatement.call(FailOnTimeout.java:298)
	at org.junit.internal.runners.statements.FailOnTimeout$CallableStatement.call(FailOnTimeout.java:292)
	at java.util.concurrent.FutureTask.run(FutureTask.java:266)
	at java.lang.Thread.run(Thread.java:745)
</error>
  </testcase>
  <testcase classname="tutorial.Stack_ESTest" name="test4" time="0.004">
    <error message="Could not initialize class tutorial.Stack" type="java.lang.NoClassDefFoundError">java.lang.NoClassDefFoundError: Could not initialize class tutorial.Stack
	at tutorial.Stack_ESTest.test4(Stack_ESTest.java:82)
	at sun.reflect.NativeMethodAccessorImpl.invoke0(Native Method)
	at sun.reflect.NativeMethodAccessorImpl.invoke(NativeMethodAccessorImpl.java:62)
	at sun.reflect.DelegatingMethodAccessorImpl.invoke(DelegatingMethodAccessorImpl.java:43)
	at java.lang.reflect.Method.invoke(Method.java:497)
	at org.junit.runners.model.FrameworkMethod$1.runReflectiveCall(FrameworkMethod.java:50)
	at org.junit.internal.runners.model.ReflectiveCallable.run(ReflectiveCallable.java:12)
	at org.junit.runners.model.FrameworkMethod.invokeExplosively(FrameworkMethod.java:47)
	at org.junit.internal.runners.statements.InvokeMethod.evaluate(InvokeMethod.java:17)
	at org.junit.internal.runners.statements.FailOnTimeout$CallableStatement.call(FailOnTimeout.java:298)
	at org.junit.internal.runners.statements.FailOnTimeout$CallableStatement.call(FailOnTimeout.java:292)
	at java.util.concurrent.FutureTask.run(FutureTask.java:266)
	at java.lang.Thread.run(Thread.java:745)
</error>
  </testcase>
  <testcase classname="tutorial.Stack_ESTest" name="test5" time="0.006">
    <error message="Could not initialize class tutorial.Stack" type="java.lang.NoClassDefFoundError">java.lang.NoClassDefFoundError: Could not initialize class tutorial.Stack
	at tutorial.Stack_ESTest.test5(Stack_ESTest.java:92)
	at sun.reflect.NativeMethodAccessorImpl.invoke0(Native Method)
	at sun.reflect.NativeMethodAccessorImpl.invoke(NativeMethodAccessorImpl.java:62)
	at sun.reflect.DelegatingMethodAccessorImpl.invoke(DelegatingMethodAccessorImpl.java:43)
	at java.lang.reflect.Method.invoke(Method.java:497)
	at org.junit.runners.model.FrameworkMethod$1.runReflectiveCall(FrameworkMethod.java:50)
	at org.junit.internal.runners.model.ReflectiveCallable.run(ReflectiveCallable.java:12)
	at org.junit.runners.model.FrameworkMethod.invokeExplosively(FrameworkMethod.java:47)
	at org.junit.internal.runners.statements.InvokeMethod.evaluate(InvokeMethod.java:17)
	at org.junit.internal.runners.statements.FailOnTimeout$CallableStatement.call(FailOnTimeout.java:298)
	at org.junit.internal.runners.statements.FailOnTimeout$CallableStatement.call(FailOnTimeout.java:292)
	at java.util.concurrent.FutureTask.run(FutureTask.java:266)
	at java.lang.Thread.run(Thread.java:745)
</error>
  </testcase>
</testsuite>